<?xml version="1.0" encoding="UTF-8"?>
<!-- Generated by org.testng.reporters.JUnitReportReporter -->
<testsuite hostname="DESKTOP-KA6N6HD" failures="0" tests="1" name="testCases.TC004_SearchProductTest" time="31.864" errors="0" timestamp="2025-07-29T21:23:16 IST" skipped="0">
  <testcase classname="testCases.TC004_SearchProductTest" name="verify_Productsearch" time="31.864"/>
</testsuite> <!-- testCases.TC004_SearchProductTest -->
