<?xml version="1.0" encoding="UTF-8"?>
<!-- Generated by org.testng.reporters.JUnitReportReporter -->
<testsuite hostname="DESKTOP-KA6N6HD" failures="0" tests="1" name="testCases.TC002_LoginTest" time="1.982" errors="0" timestamp="2025-07-16T11:03:28 IST" skipped="0">
  <testcase classname="testCases.TC002_LoginTest" name="verify_login" time="1.982"/>
</testsuite> <!-- testCases.TC002_LoginTest -->
