<?xml version="1.0" encoding="UTF-8"?>
<!-- Generated by org.testng.reporters.JUnitReportReporter -->
<testsuite hostname="DESKTOP-KA6N6HD" failures="0" tests="1" name="testCases.TC001_AccountRegistrationTest" time="14.108" errors="0" timestamp="2025-07-29T21:15:45 IST" skipped="0">
  <testcase classname="testCases.TC001_AccountRegistrationTest" name="Verify_account_registration" time="14.108"/>
</testsuite> <!-- testCases.TC001_AccountRegistrationTest -->
